#
# A fatal error has been detected by the Java Runtime Environment:
#
#  EXCEPTION_ACCESS_VIOLATION (0xc0000005) at pc=0x000007fee671d6c4, pid=32572, tid=35280
#
# JRE version: Java(TM) SE Runtime Environment (7.0_65-b19) (build 1.7.0_65-b19)
# Java VM: Java HotSpot(TM) 64-Bit Server VM (24.65-b04 mixed mode windows-amd64 compressed oops)
# Problematic frame:
# C  [OPENGL32.dll+0xdd6c4]
#
# Failed to write core dump. Minidumps are not enabled by default on client versions of Windows
#
# If you would like to submit a bug report, please visit:
#   http://bugreport.sun.com/bugreport/crash.jsp
#

---------------  T H R E A D  ---------------

Current thread (0x000000000f9ac800):  VMThread [stack: 0x00000000109a0000,0x0000000010aa0000] [id=35280]

siginfo: ExceptionCode=0xc0000005, reading address 0x0000000000000a38

Registers:
RAX=0x0000000000000000, RBX=0x000000001558c660, RCX=0x0000000000000001, RDX=0x000000001558d7b0
RSP=0x0000000010a9f148, RBP=0x000000001558d540, RSI=0x0000000015589f90, RDI=0x000000001558d7b0
R8 =0x000007fecfdd63a8, R9 =0x000000000000007c, R10=0x000000000000003e, R11=0x0000000000000003
R12=0x0000000000000000, R13=0x000000001558d548, R14=0x0000000015589970, R15=0x0000000015589980
RIP=0x000007fee671d6c4, EFLAGS=0x0000000000010283

Top of Stack: (sp=0x0000000010a9f148)
0x0000000010a9f148:   000007fecfa32870 0000000000000000
0x0000000010a9f158:   000000001558a110 0000000000000048
0x0000000010a9f168:   0000000015589ea0 000000001558d7b0
0x0000000010a9f178:   000007fecfa0d1b1 000000001558c660
0x0000000010a9f188:   000000001558a110 000000001558d548
0x0000000010a9f198:   0000000000000000 fffffffffffffffe
0x0000000010a9f1a8:   0000000015589ea0 000000001558c660
0x0000000010a9f1b8:   000007fecfa0d154 000000001558c660
0x0000000010a9f1c8:   0000000000000001 000000001558a110
0x0000000010a9f1d8:   000007fecfa11219 0000000015589ac0
0x0000000010a9f1e8:   000007fecfa1d951 0000000000000000
0x0000000010a9f1f8:   00000080001112f0 fffffffffffffffe
0x0000000010a9f208:   0000000015589a40 000000001558d7f0
0x0000000010a9f218:   000007fecfa1ddda 000000001558a110
0x0000000010a9f228:   0000000015589f50 0000000015589ea0
0x0000000010a9f238:   0000000076e040fd 0000000015589ac0 

Instructions: (pc=0x000007fee671d6c4)
0x000007fee671d6a4:   cc cc cc cc cc cc 66 0f 1f 44 00 00 8b 05 16 0c
0x000007fee671d6b4:   01 00 83 f8 40 73 0f 65 48 8b 04 c5 80 14 00 00
0x000007fee671d6c4:   ff a0 38 0a 00 00 b8 47 01 00 00 e9 ec d4 ff ff
0x000007fee671d6d4:   cc cc cc cc cc cc 66 0f 1f 44 00 00 8b 05 e6 0b 


Register to memory mapping:

RAX=0x0000000000000000 is an unknown value
RBX=0x000000001558c660 is an unknown value
RCX=0x0000000000000001 is an unknown value
RDX=0x000000001558d7b0 is an unknown value
RSP=0x0000000010a9f148 is an unknown value
RBP=0x000000001558d540 is an unknown value
RSI=0x0000000015589f90 is an unknown value
RDI=0x000000001558d7b0 is an unknown value
R8 =0x000007fecfdd63a8 is an unknown value
R9 =0x000000000000007c is an unknown value
R10=0x000000000000003e is an unknown value
R11=0x0000000000000003 is an unknown value
R12=0x0000000000000000 is an unknown value
R13=0x000000001558d548 is an unknown value
R14=0x0000000015589970 is an unknown value
R15=0x0000000015589980 is an unknown value


Stack: [0x00000000109a0000,0x0000000010aa0000],  sp=0x0000000010a9f148,  free space=1020k
Native frames: (J=compiled Java code, j=interpreted, Vv=VM code, C=native code)
C  [OPENGL32.dll+0xdd6c4]

VM_Operation (0x00000000026ae930): Exit, mode: safepoint, requested by thread 0x000000000245e000


---------------  P R O C E S S  ---------------

Java Threads: ( => current thread )
  0x000000001213a800 JavaThread "LWJGL Timer" daemon [_thread_blocked, id=13128, stack(0x0000000014c70000,0x0000000014d70000)]
  0x0000000011fb2800 JavaThread "Thread-3" daemon [_thread_blocked, id=33960, stack(0x0000000014a00000,0x0000000014b00000)]
  0x00000000116da800 JavaThread "Java2D Disposer" daemon [_thread_blocked, id=23640, stack(0x0000000011d50000,0x0000000011e50000)]
  0x000000000fa18800 JavaThread "Service Thread" daemon [_thread_blocked, id=12972, stack(0x0000000011400000,0x0000000011500000)]
  0x000000000fa18000 JavaThread "C2 CompilerThread1" daemon [_thread_blocked, id=39740, stack(0x0000000011120000,0x0000000011220000)]
  0x000000000fa13000 JavaThread "C2 CompilerThread0" daemon [_thread_blocked, id=7748, stack(0x0000000010f40000,0x0000000011040000)]
  0x000000000fa11800 JavaThread "Attach Listener" daemon [_thread_blocked, id=39352, stack(0x0000000010e20000,0x0000000010f20000)]
  0x000000000fa0a800 JavaThread "Signal Dispatcher" daemon [_thread_blocked, id=38888, stack(0x0000000010860000,0x0000000010960000)]
  0x000000000f9b9000 JavaThread "Finalizer" daemon [_thread_blocked, id=40016, stack(0x0000000010d00000,0x0000000010e00000)]
  0x000000000f9b2000 JavaThread "Reference Handler" daemon [_thread_blocked, id=40728, stack(0x0000000010b50000,0x0000000010c50000)]
  0x000000000245e000 JavaThread "main" [_thread_blocked, id=32044, stack(0x00000000025b0000,0x00000000026b0000)]

Other Threads:
=>0x000000000f9ac800 VMThread [stack: 0x00000000109a0000,0x0000000010aa0000] [id=35280]

VM state:at safepoint (shutting down)

VM Mutex/Monitor currently owned by a thread:  ([mutex/lock_event])
[0x000000000245c5b0] Threads_lock - owner thread: 0x000000000f9ac800

Heap
 PSYoungGen      total 76288K, used 24217K [0x00000007ab300000, 0x00000007b0800000, 0x0000000800000000)
  eden space 65536K, 36% used [0x00000007ab300000,0x00000007acaa6748,0x00000007af300000)
  from space 10752K, 0% used [0x00000007afd80000,0x00000007afd80000,0x00000007b0800000)
  to   space 10752K, 0% used [0x00000007af300000,0x00000007af300000,0x00000007afd80000)
 ParOldGen       total 173568K, used 0K [0x0000000701a00000, 0x000000070c380000, 0x00000007ab300000)
  object space 173568K, 0% used [0x0000000701a00000,0x0000000701a00000,0x000000070c380000)
 PSPermGen       total 21504K, used 10328K [0x00000006fc800000, 0x00000006fdd00000, 0x0000000701a00000)
  object space 21504K, 48% used [0x00000006fc800000,0x00000006fd216078,0x00000006fdd00000)

Card table byte_map: [0x0000000005820000,0x0000000006040000] byte_map_base: 0x000000000203c000

Polling page: 0x0000000000230000

Code Cache  [0x0000000002760000, 0x00000000029d0000, 0x0000000005760000)
 total_blobs=623 nmethods=124 adapters=451 free_code_cache=48290Kb largest_free_block=49386688

Compilation events (10 events):
Event: 4.168 Thread 0x000000000fa13000 nmethod 120 0x000000000281f490 code [0x000000000281f5c0, 0x000000000281f618]
Event: 4.185 Thread 0x000000000fa13000  121             java.nio.Buffer::checkIndex (22 bytes)
Event: 4.185 Thread 0x000000000fa13000 nmethod 121 0x00000000028235d0 code [0x0000000002823700, 0x0000000002823778]
Event: 4.191 Thread 0x000000000fa18000 nmethod 117 0x0000000002830790 code [0x0000000002831b60, 0x000000000283a460]
Event: 4.218 Thread 0x000000000fa18000  123             java.lang.Character::hashCode (5 bytes)
Event: 4.218 Thread 0x000000000fa13000  122             java.lang.Character::valueOf (21 bytes)
Event: 4.218 Thread 0x000000000fa18000 nmethod 123 0x0000000002821550 code [0x0000000002821680, 0x00000000028216d8]
Event: 4.219 Thread 0x000000000fa13000 nmethod 122 0x0000000002821210 code [0x0000000002821360, 0x0000000002821448]
Event: 4.368 Thread 0x000000000fa18000  124             java.lang.String::getChars (62 bytes)
Event: 4.369 Thread 0x000000000fa18000 nmethod 124 0x0000000002820e10 code [0x0000000002820f60, 0x0000000002821098]

GC Heap History (0 events):
No events

Deoptimization events (9 events):
Event: 0.104 Thread 0x000000000245e000 Uncommon trap: reason=class_check action=maybe_recompile pc=0x00000000027c3da4 method=java.io.DataInputStream.readChar()C @ 4
Event: 0.104 Thread 0x000000000245e000 Uncommon trap: reason=class_check action=maybe_recompile pc=0x00000000027c3da4 method=java.io.DataInputStream.readChar()C @ 4
Event: 0.104 Thread 0x000000000245e000 Uncommon trap: reason=class_check action=maybe_recompile pc=0x00000000027c3da4 method=java.io.DataInputStream.readChar()C @ 4
Event: 0.104 Thread 0x000000000245e000 Uncommon trap: reason=class_check action=maybe_recompile pc=0x00000000027c3da4 method=java.io.DataInputStream.readChar()C @ 4
Event: 0.141 Thread 0x000000000245e000 Uncommon trap: reason=class_check action=maybe_recompile pc=0x00000000027c5d68 method=java.io.DataInputStream.readInt()I @ 4
Event: 0.141 Thread 0x000000000245e000 Uncommon trap: reason=class_check action=maybe_recompile pc=0x00000000027c5d68 method=java.io.DataInputStream.readInt()I @ 4
Event: 0.141 Thread 0x000000000245e000 Uncommon trap: reason=class_check action=maybe_recompile pc=0x00000000027c5d68 method=java.io.DataInputStream.readInt()I @ 4
Event: 0.141 Thread 0x000000000245e000 Uncommon trap: reason=class_check action=maybe_recompile pc=0x00000000027c5d68 method=java.io.DataInputStream.readInt()I @ 4
Event: 4.835 Thread 0x000000000245e000 Uncommon trap: reason=class_check action=maybe_recompile pc=0x0000000002822160 method=java.util.HashMap.getEntry(Ljava/lang/Object;)Ljava/util/HashMap$Entry; @ 68

Internal exceptions (10 events):
Event: 1.779 Thread 0x000000000245e000 Threw 0x00000007abea2b88 at C:\re\jdk7u65\1313\hotspot\src\share\vm\prims\jvm.cpp:1244
Event: 1.786 Thread 0x000000000245e000 Threw 0x00000007abec7cf8 at C:\re\jdk7u65\1313\hotspot\src\share\vm\prims\jvm.cpp:1244
Event: 1.787 Thread 0x000000000245e000 Threw 0x00000007abecc9e8 at C:\re\jdk7u65\1313\hotspot\src\share\vm\prims\jvm.cpp:1244
Event: 1.788 Thread 0x000000000245e000 Threw 0x00000007abed3670 at C:\re\jdk7u65\1313\hotspot\src\share\vm\prims\jvm.cpp:1244
Event: 1.791 Thread 0x000000000245e000 Threw 0x00000007abee1ee0 at C:\re\jdk7u65\1313\hotspot\src\share\vm\prims\jvm.cpp:1244
Event: 1.792 Thread 0x000000000245e000 Threw 0x00000007abee5588 at C:\re\jdk7u65\1313\hotspot\src\share\vm\prims\jvm.cpp:1244
Event: 1.792 Thread 0x000000000245e000 Threw 0x00000007abee87d0 at C:\re\jdk7u65\1313\hotspot\src\share\vm\prims\jvm.cpp:1244
Event: 1.793 Thread 0x000000000245e000 Threw 0x00000007abeeb400 at C:\re\jdk7u65\1313\hotspot\src\share\vm\prims\jvm.cpp:1244
Event: 1.794 Thread 0x000000000245e000 Threw 0x00000007abeed2c8 at C:\re\jdk7u65\1313\hotspot\src\share\vm\prims\jvm.cpp:1244
Event: 4.835 Thread 0x000000000245e000 Threw 0x00000007ac5b1938 at C:\re\jdk7u65\1313\hotspot\src\share\vm\prims\jvm.cpp:1244

Events (10 events):
Event: 4.837 Thread 0x0000000011faf000 Thread added: 0x0000000011faf000
Event: 4.837 Thread 0x000000001174a000 Thread added: 0x000000001174a000
Event: 4.837 loading class 0x0000000002533b60
Event: 4.837 loading class 0x0000000002533b00
Event: 4.837 loading class 0x0000000002533b00 done
Event: 4.837 loading class 0x0000000002533b60 done
Event: 4.837 Thread 0x000000001174a000 Thread exited: 0x000000001174a000
Event: 5.119 Thread 0x0000000011faf000 Thread exited: 0x0000000011faf000
Event: 5.136 Thread 0x0000000011878800 Thread exited: 0x0000000011878800
Event: 5.137 Executing VM operation: Exit


Dynamic libraries:
0x000000013f870000 - 0x000000013f8a3000 	C:\Program Files\Java\jre7\bin\javaw.exe
0x0000000076db0000 - 0x0000000076f59000 	C:\Windows\SYSTEM32\ntdll.dll
0x0000000076c90000 - 0x0000000076daf000 	C:\Windows\system32\kernel32.dll
0x000007fefcda0000 - 0x000007fefce0c000 	C:\Windows\system32\KERNELBASE.dll
0x000007fefe980000 - 0x000007fefea5b000 	C:\Windows\system32\ADVAPI32.dll
0x000007fefcf30000 - 0x000007fefcfcf000 	C:\Windows\system32\msvcrt.dll
0x000007fefcfd0000 - 0x000007fefcfef000 	C:\Windows\SYSTEM32\sechost.dll
0x000007fefeac0000 - 0x000007fefebed000 	C:\Windows\system32\RPCRT4.dll
0x0000000076b90000 - 0x0000000076c8a000 	C:\Windows\system32\USER32.dll
0x000007fefe910000 - 0x000007fefe977000 	C:\Windows\system32\GDI32.dll
0x000007fefd7b0000 - 0x000007fefd7be000 	C:\Windows\system32\LPK.dll
0x000007fefe840000 - 0x000007fefe909000 	C:\Windows\system32\USP10.dll
0x000007fefb6a0000 - 0x000007fefb894000 	C:\Windows\WinSxS\amd64_microsoft.windows.common-controls_6595b64144ccf1df_6.0.7601.17514_none_fa396087175ac9ac\COMCTL32.dll
0x000007fefd200000 - 0x000007fefd271000 	C:\Windows\system32\SHLWAPI.dll
0x000007fefd1d0000 - 0x000007fefd1fe000 	C:\Windows\system32\IMM32.DLL
0x000007fefebf0000 - 0x000007fefecf9000 	C:\Windows\system32\MSCTF.dll
0x000007fefcab0000 - 0x000007fefcadf000 	C:\Windows\system32\nvinitx.dll
0x000000000f000000 - 0x000000000f006000 	C:\Program Files\NVIDIA Corporation\CoProcManager\detoured.dll
0x000007fef2bf0000 - 0x000007fef2c23000 	C:\Program Files\NVIDIA Corporation\CoProcManager\nvd3d9wrapx.dll
0x000007fefcff0000 - 0x000007fefd1c7000 	C:\Windows\system32\SETUPAPI.dll
0x000007fefcd10000 - 0x000007fefcd46000 	C:\Windows\system32\CFGMGR32.dll
0x000007fefef10000 - 0x000007fefefe7000 	C:\Windows\system32\OLEAUT32.dll
0x000007fefed00000 - 0x000007fefef03000 	C:\Windows\system32\ole32.dll
0x000007fefce20000 - 0x000007fefce3a000 	C:\Windows\system32\DEVOBJ.dll
0x000007fef2b50000 - 0x000007fef2b73000 	C:\Program Files\NVIDIA Corporation\CoProcManager\nvdxgiwrapx.dll
0x000000006c750000 - 0x000000006c822000 	C:\Program Files\Java\jre7\bin\msvcr100.dll
0x000000006e520000 - 0x000000006ecf2000 	C:\Program Files\Java\jre7\bin\server\jvm.dll
0x000007fef4540000 - 0x000007fef4549000 	C:\Windows\system32\WSOCK32.dll
0x000007feff070000 - 0x000007feff0bd000 	C:\Windows\system32\WS2_32.dll
0x000007fefd550000 - 0x000007fefd558000 	C:\Windows\system32\NSI.dll
0x000007fefad30000 - 0x000007fefad6b000 	C:\Windows\system32\WINMM.dll
0x0000000076f70000 - 0x0000000076f77000 	C:\Windows\system32\PSAPI.DLL
0x000000006c740000 - 0x000000006c74f000 	C:\Program Files\Java\jre7\bin\verify.dll
0x0000000069700000 - 0x0000000069728000 	C:\Program Files\Java\jre7\bin\java.dll
0x000000006c720000 - 0x000000006c735000 	C:\Program Files\Java\jre7\bin\zip.dll
0x00000000696e0000 - 0x00000000696f9000 	C:\Program Files\Java\jre7\bin\net.dll
0x000007fefc2e0000 - 0x000007fefc335000 	C:\Windows\system32\mswsock.dll
0x000007fefc2d0000 - 0x000007fefc2d7000 	C:\Windows\System32\wship6.dll
0x00000000696c0000 - 0x00000000696d1000 	C:\Program Files\Java\jre7\bin\nio.dll
0x0000000180000000 - 0x0000000180053000 	C:\Users\aaron\git\Gravity-Game\GravityGame\slick2d-java\lwjgl-2.9.3\native\windows\lwjgl64.dll
0x000007fee6640000 - 0x000007fee675d000 	C:\Windows\system32\OPENGL32.dll
0x000007feed360000 - 0x000007feed38d000 	C:\Windows\system32\GLU32.dll
0x000007fee6540000 - 0x000007fee6631000 	C:\Windows\system32\DDRAW.dll
0x000007fef31c0000 - 0x000007fef31c8000 	C:\Windows\system32\DCIMAN32.dll
0x000007fefa840000 - 0x000007fefa858000 	C:\Windows\system32\dwmapi.dll
0x000007fefbbc0000 - 0x000007fefbbcc000 	C:\Windows\system32\VERSION.dll
0x000000006c500000 - 0x000000006c695000 	C:\Program Files\Java\jre7\bin\awt.dll
0x000007fefc340000 - 0x000007fefc358000 	C:\Windows\system32\CRYPTSP.dll
0x000007fefc040000 - 0x000007fefc087000 	C:\Windows\system32\rsaenh.dll
0x000007fefcd60000 - 0x000007fefcd7e000 	C:\Windows\system32\USERENV.dll
0x000007fefcb80000 - 0x000007fefcb8f000 	C:\Windows\system32\profapi.dll
0x000007fefc9a0000 - 0x000007fefc9af000 	C:\Windows\system32\CRYPTBASE.dll
0x000007fef9a70000 - 0x000007fef9a97000 	C:\Windows\system32\IPHLPAPI.DLL
0x000007fef9a60000 - 0x000007fef9a6b000 	C:\Windows\system32\WINNSI.DLL
0x000007fef9940000 - 0x000007fef9958000 	C:\Windows\system32\dhcpcsvc.DLL
0x000007fef9920000 - 0x000007fef9931000 	C:\Windows\system32\dhcpcsvc6.DLL
0x000007fefb2f0000 - 0x000007fefb346000 	C:\Windows\system32\uxtheme.dll
0x000007fedae40000 - 0x000007fedae75000 	C:\Program Files (x86)\Dxtory Software\Dxtory2.0\DxtoryHK64.dll
0x000007fefd7c0000 - 0x000007fefe549000 	C:\Windows\system32\SHELL32.dll
0x000007feec970000 - 0x000007feec9a2000 	C:\Program Files (x86)\Overwolf\0.84.92.0\x64\OWExplorer.dll
0x000000006dc40000 - 0x000000006dcd8000 	C:\Windows\system32\MSVCP100.dll
0x000007fefa6d0000 - 0x000007fefa7f5000 	C:\Windows\system32\dbghelp.dll
0x000007fecfa00000 - 0x000007fecfe2c000 	C:\Program Files (x86)\Dxtory Software\Dxtory2.0\DxtoryCore64.dll
0x000007fefcb90000 - 0x000007fefccfd000 	C:\Windows\system32\crypt32.dll
0x000007fefcb70000 - 0x000007fefcb7f000 	C:\Windows\system32\MSASN1.dll
0x000007fed0150000 - 0x000007fed0256000 	C:\Program Files (x86)\Dxtory Software\Dxtory2.0\DxtoryMM64.dll
0x0000000015cb0000 - 0x0000000017af6000 	C:\Windows\system32\nvoglv64.DLL
0x000007fefbd50000 - 0x000007fefbd61000 	C:\Windows\system32\WTSAPI32.dll
0x000007fefcef0000 - 0x000007fefcf2b000 	C:\Windows\system32\WINTRUST.dll
0x000007fefbb90000 - 0x000007fefbbbd000 	C:\Windows\system32\ntmarta.dll
0x000007fefea60000 - 0x000007fefeab2000 	C:\Windows\system32\WLDAP32.dll
0x000007fefca50000 - 0x000007fefca8d000 	C:\Windows\system32\WINSTA.dll
0x000007fef1d00000 - 0x000007fef1d9c000 	C:\Windows\system32\mscms.dll
0x000007feecc80000 - 0x000007feeccc2000 	C:\Windows\system32\icm32.dll
0x00000000065e0000 - 0x00000000065f6000 	C:\Users\aaron\git\Gravity-Game\GravityGame\slick2d-java\lwjgl-2.9.3\native\windows\jinput-dx8_64.dll
0x000007feecb60000 - 0x000007feecb9c000 	C:\Windows\system32\DINPUT8.dll
0x000007fefa860000 - 0x000007fefa86b000 	C:\Windows\system32\HID.DLL
0x0000000006b50000 - 0x0000000006b64000 	C:\Users\aaron\git\Gravity-Game\GravityGame\slick2d-java\lwjgl-2.9.3\native\windows\jinput-raw_64.dll

VM Arguments:
jvm_args: -DloggerdebugMode=true -Djava.library.path=C:\Users\aaron\git\Gravity-Game\GravityGame\slick2d-java\lwjgl-2.9.3\native\windows -Dfile.encoding=Cp1252 
java_command: net.mc42.games.GravityGame.MainClass -DloggerdebugMode=true
Launcher Type: SUN_STANDARD

Environment Variables:
PATH=C:/Program Files/Java/jre1.8.0_40/bin/server;C:/Program Files/Java/jre1.8.0_40/bin;C:/Program Files/Java/jre1.8.0_40/lib/amd64;C:\ProgramData\Oracle\Java\javapath;C:\Program Files (x86)\NVIDIA Corporation\PhysX\Common;C:\Program Files\Common Files\Microsoft Shared\Windows Live;C:\Program Files (x86)\Common Files\Microsoft Shared\Windows Live;C:\Program Files (x86)\Intel\iCLS Client\;C:\Program Files\Intel\iCLS Client\;C:\Windows\system32;C:\Windows;C:\Windows\System32\Wbem;C:\Windows\System32\WindowsPowerShell\v1.0\;C:\Program Files\Intel\Intel(R) Management Engine Components\DAL;C:\Program Files\Intel\Intel(R) Management Engine Components\IPT;C:\Program Files (x86)\Intel\Intel(R) Management Engine Components\DAL;C:\Program Files (x86)\Intel\Intel(R) Management Engine Components\IPT;C:\Program Files (x86)\Intel\OpenCL SDK\2.0\bin\x86;C:\Program Files (x86)\Intel\OpenCL SDK\2.0\bin\x64;C:\Program Files (x86)\Windows Live\Shared;C:\GnuWin32\bin;C:\Program Files (x86)\IVI Foundation\VISA\WinNT\Bin;C:\Program Files (x86)\QuickTime\QTSystem\;C:\Program Files\Common Files\Autodesk Shared\;C:\Program Files (x86)\Autodesk\Backburner\;C:\Users\aaron\AppData\Roaming\Dashlane\3.2.0.75803\bin\Firefox_Extension\{442718d9-475e-452a-b3e1-fb1ee16b8e9f}\components;C:\Users\aaron\AppData\Roaming\Dashlane\3.2.2.76978\bin\Firefox_Extension\{442718d9-475e-452a-b3e1-fb1ee16b8e9f}\components;C:\Users\aaron\AppData\Roaming\Dashlane\3.2.3.77451\bin\Firefox_Extension\{442718d9-475e-452a-b3e1-fb1ee16b8e9f}\components;C:\Users\aaron\AppData\Roaming\Dashlane\3.2.4.78888\bin\Firefox_Extension\{442718d9-475e-452a-b3e1-fb1ee16b8e9f}\components;C:\Users\aaron\Desktop\eclipse;
USERNAME=aaron
OS=Windows_NT
PROCESSOR_IDENTIFIER=Intel64 Family 6 Model 58 Stepping 9, GenuineIntel



---------------  S Y S T E M  ---------------

OS: Windows 7 , 64 bit Build 7601 Service Pack 1

CPU:total 4 (4 cores per cpu, 1 threads per core) family 6 model 58 stepping 9, cmov, cx8, fxsr, mmx, sse, sse2, sse3, ssse3, sse4.1, sse4.2, popcnt, avx, aes, erms, tsc, tscinvbit, tscinv

Memory: 4k page, physical 16669904k(7415768k free), swap 33337952k(21837492k free)

vm_info: Java HotSpot(TM) 64-Bit Server VM (24.65-b04) for windows-amd64 JRE (1.7.0_65-b19), built on Jul  9 2014 17:47:07 by "java_re" with unknown MS VC++:1600

time: Fri Apr 03 16:37:10 2015
elapsed time: 5 seconds

