#
# A fatal error has been detected by the Java Runtime Environment:
#
#  EXCEPTION_ACCESS_VIOLATION (0xc0000005) at pc=0x000007fee671d6c4, pid=17560, tid=40360
#
# JRE version: Java(TM) SE Runtime Environment (7.0_65-b19) (build 1.7.0_65-b19)
# Java VM: Java HotSpot(TM) 64-Bit Server VM (24.65-b04 mixed mode windows-amd64 compressed oops)
# Problematic frame:
# C  [OPENGL32.dll+0xdd6c4]
#
# Failed to write core dump. Minidumps are not enabled by default on client versions of Windows
#
# If you would like to submit a bug report, please visit:
#   http://bugreport.sun.com/bugreport/crash.jsp
#

---------------  T H R E A D  ---------------

Current thread (0x000000000eea9000):  VMThread [stack: 0x0000000010860000,0x0000000010960000] [id=40360]

siginfo: ExceptionCode=0xc0000005, reading address 0x0000000000000a38

Registers:
RAX=0x0000000000000000, RBX=0x0000000010dfc660, RCX=0x0000000000000001, RDX=0x0000000010dfd7b0
RSP=0x000000001095eda8, RBP=0x0000000010dfd540, RSI=0x0000000010df9f90, RDI=0x0000000010dfd7b0
R8 =0x000007fecfdd63a8, R9 =0x000000000000007c, R10=0x000000000000003e, R11=0x0000000000000003
R12=0x0000000000000000, R13=0x0000000010dfd548, R14=0x0000000010df9970, R15=0x0000000010df9980
RIP=0x000007fee671d6c4, EFLAGS=0x0000000000010283

Top of Stack: (sp=0x000000001095eda8)
0x000000001095eda8:   000007fecfa32870 0000000000000000
0x000000001095edb8:   0000000010dfa110 0000000000000048
0x000000001095edc8:   0000000010df9ea0 0000000010dfd7b0
0x000000001095edd8:   000007fecfa0d1b1 0000000010dfc660
0x000000001095ede8:   0000000010dfa110 0000000010dfd548
0x000000001095edf8:   0000000000000000 fffffffffffffffe
0x000000001095ee08:   0000000010df9ea0 0000000010dfc660
0x000000001095ee18:   000007fecfa0d154 0000000010dfc660
0x000000001095ee28:   0000000000000001 0000000010dfa110
0x000000001095ee38:   000007fecfa11219 0000000010df9ac0
0x000000001095ee48:   000007fecfa1d951 0000000000000000
0x000000001095ee58:   00000080003812f0 fffffffffffffffe
0x000000001095ee68:   0000000010df9a40 0000000010dfd7f0
0x000000001095ee78:   000007fecfa1ddda 0000000010dfa110
0x000000001095ee88:   0000000010df9f50 0000000010df9ea0
0x000000001095ee98:   0000000076e040fd 0000000010df9ac0 

Instructions: (pc=0x000007fee671d6c4)
0x000007fee671d6a4:   cc cc cc cc cc cc 66 0f 1f 44 00 00 8b 05 16 0c
0x000007fee671d6b4:   01 00 83 f8 40 73 0f 65 48 8b 04 c5 80 14 00 00
0x000007fee671d6c4:   ff a0 38 0a 00 00 b8 47 01 00 00 e9 ec d4 ff ff
0x000007fee671d6d4:   cc cc cc cc cc cc 66 0f 1f 44 00 00 8b 05 e6 0b 


Register to memory mapping:

RAX=0x0000000000000000 is an unknown value
RBX=0x0000000010dfc660 is an unknown value
RCX=0x0000000000000001 is an unknown value
RDX=0x0000000010dfd7b0 is an unknown value
RSP=0x000000001095eda8 is an unknown value
RBP=0x0000000010dfd540 is an unknown value
RSI=0x0000000010df9f90 is an unknown value
RDI=0x0000000010dfd7b0 is an unknown value
R8 =0x000007fecfdd63a8 is an unknown value
R9 =0x000000000000007c is an unknown value
R10=0x000000000000003e is an unknown value
R11=0x0000000000000003 is an unknown value
R12=0x0000000000000000 is an unknown value
R13=0x0000000010dfd548 is an unknown value
R14=0x0000000010df9970 is an unknown value
R15=0x0000000010df9980 is an unknown value


Stack: [0x0000000010860000,0x0000000010960000],  sp=0x000000001095eda8,  free space=1019k
Native frames: (J=compiled Java code, j=interpreted, Vv=VM code, C=native code)
C  [OPENGL32.dll+0xdd6c4]

VM_Operation (0x000000000277e5a0): Exit, mode: safepoint, requested by thread 0x000000000253e000


---------------  P R O C E S S  ---------------

Java Threads: ( => current thread )
  0x0000000011795800 JavaThread "LWJGL Timer" daemon [_thread_blocked, id=40024, stack(0x00000000194f0000,0x00000000195f0000)]
  0x0000000011795000 JavaThread "Thread-3" daemon [_thread_blocked, id=37540, stack(0x0000000017ff0000,0x00000000180f0000)]
  0x0000000011794000 JavaThread "Java2D Disposer" daemon [_thread_blocked, id=18660, stack(0x0000000011f00000,0x0000000012000000)]
  0x000000000ef1f800 JavaThread "Service Thread" daemon [_thread_blocked, id=19144, stack(0x00000000113e0000,0x00000000114e0000)]
  0x000000000ef1e800 JavaThread "C2 CompilerThread1" daemon [_thread_blocked, id=40780, stack(0x0000000010b40000,0x0000000010c40000)]
  0x000000000ef19800 JavaThread "C2 CompilerThread0" daemon [_thread_blocked, id=38208, stack(0x0000000011180000,0x0000000011280000)]
  0x000000000ef18000 JavaThread "Attach Listener" daemon [_thread_blocked, id=40768, stack(0x0000000010f90000,0x0000000011090000)]
  0x000000000ef10800 JavaThread "Signal Dispatcher" daemon [_thread_blocked, id=38212, stack(0x0000000010e20000,0x0000000010f20000)]
  0x000000000eeb5800 JavaThread "Finalizer" daemon [_thread_blocked, id=39452, stack(0x0000000010c90000,0x0000000010d90000)]
  0x000000000eeae800 JavaThread "Reference Handler" daemon [_thread_blocked, id=20592, stack(0x00000000109f0000,0x0000000010af0000)]
  0x000000000253e000 JavaThread "main" [_thread_blocked, id=22660, stack(0x0000000002680000,0x0000000002780000)]

Other Threads:
=>0x000000000eea9000 VMThread [stack: 0x0000000010860000,0x0000000010960000] [id=40360]

VM state:at safepoint (shutting down)

VM Mutex/Monitor currently owned by a thread:  ([mutex/lock_event])
[0x000000000253c5b0] Threads_lock - owner thread: 0x000000000eea9000

Heap
 PSYoungGen      total 76288K, used 22899K [0x00000007ab300000, 0x00000007b0800000, 0x0000000800000000)
  eden space 65536K, 34% used [0x00000007ab300000,0x00000007ac95ccb8,0x00000007af300000)
  from space 10752K, 0% used [0x00000007afd80000,0x00000007afd80000,0x00000007b0800000)
  to   space 10752K, 0% used [0x00000007af300000,0x00000007af300000,0x00000007afd80000)
 ParOldGen       total 173568K, used 0K [0x0000000701a00000, 0x000000070c380000, 0x00000007ab300000)
  object space 173568K, 0% used [0x0000000701a00000,0x0000000701a00000,0x000000070c380000)
 PSPermGen       total 21504K, used 10324K [0x00000006fc800000, 0x00000006fdd00000, 0x0000000701a00000)
  object space 21504K, 48% used [0x00000006fc800000,0x00000006fd215308,0x00000006fdd00000)

Card table byte_map: [0x0000000005870000,0x0000000006090000] byte_map_base: 0x000000000208c000

Polling page: 0x0000000000320000

Code Cache  [0x0000000002870000, 0x0000000002ae0000, 0x0000000005870000)
 total_blobs=615 nmethods=116 adapters=451 free_code_cache=48294Kb largest_free_block=49383360

Compilation events (10 events):
Event: 3.663 Thread 0x000000000ef1e800  112  s!         net.java.games.input.AbstractController::poll (175 bytes)
Event: 3.670 Thread 0x000000000ef1e800 nmethod 112 0x000000000292ab10 code [0x000000000292ad00, 0x000000000292b570]
Event: 3.763 Thread 0x000000000ef19800  113             java.util.HashMap::get (29 bytes)
Event: 3.767 Thread 0x000000000ef19800 nmethod 113 0x000000000292c7d0 code [0x000000000292c940, 0x000000000292cca8]
Event: 3.930 Thread 0x000000000ef1e800  114             org.newdawn.slick.Input::poll (1561 bytes)
Event: 4.030 Thread 0x000000000ef19800  115   !         org.newdawn.slick.Input::initControllers (191 bytes)
Event: 4.040 Thread 0x000000000ef19800 nmethod 115 0x0000000002933750 code [0x0000000002933a00, 0x00000000029343c8]
Event: 4.040 Thread 0x000000000ef19800  116   !         org.newdawn.slick.Input::getControllerCount (25 bytes)
Event: 4.041 Thread 0x000000000ef19800 nmethod 116 0x0000000002928f10 code [0x0000000002929060, 0x0000000002929128]
Event: 4.257 Thread 0x000000000ef1e800 nmethod 114 0x000000000293f010 code [0x00000000029405c0, 0x0000000002949b78]

GC Heap History (0 events):
No events

Deoptimization events (10 events):
Event: 0.120 Thread 0x000000000253e000 Uncommon trap: reason=unloaded action=reinterpret pc=0x00000000028d8534 method=sun.text.normalizer.Trie.getCodePointOffset(I)I @ 41
Event: 0.120 Thread 0x000000000253e000 Uncommon trap: reason=unloaded action=reinterpret pc=0x00000000028d9d14 method=sun.text.normalizer.Trie.getCodePointOffset(I)I @ 41
Event: 0.140 Thread 0x000000000253e000 Uncommon trap: reason=class_check action=maybe_recompile pc=0x00000000028d71e8 method=java.io.DataInputStream.readInt()I @ 4
Event: 0.140 Thread 0x000000000253e000 Uncommon trap: reason=class_check action=maybe_recompile pc=0x00000000028d71e8 method=java.io.DataInputStream.readInt()I @ 4
Event: 0.140 Thread 0x000000000253e000 Uncommon trap: reason=class_check action=maybe_recompile pc=0x00000000028d71e8 method=java.io.DataInputStream.readInt()I @ 4
Event: 0.140 Thread 0x000000000253e000 Uncommon trap: reason=class_check action=maybe_recompile pc=0x00000000028d71e8 method=java.io.DataInputStream.readInt()I @ 4
Event: 4.166 Thread 0x000000000253e000 Uncommon trap: reason=class_check action=maybe_recompile pc=0x000000000292cc20 method=java.util.HashMap.getEntry(Ljava/lang/Object;)Ljava/util/HashMap$Entry; @ 68
Event: 4.167 Thread 0x000000000253e000 Uncommon trap: reason=unreached action=reinterpret pc=0x000000000292cbd8 method=java.util.HashMap.get(Ljava/lang/Object;)Ljava/lang/Object; @ 17
Event: 4.167 Thread 0x000000000253e000 Uncommon trap: reason=class_check action=maybe_recompile pc=0x0000000002929e34 method=java.util.HashMap.getEntry(Ljava/lang/Object;)Ljava/util/HashMap$Entry; @ 68
Event: 4.168 Thread 0x000000000253e000 Uncommon trap: reason=class_check action=maybe_recompile pc=0x0000000002929e34 method=java.util.HashMap.getEntry(Ljava/lang/Object;)Ljava/util/HashMap$Entry; @ 68

Internal exceptions (10 events):
Event: 1.783 Thread 0x000000000253e000 Threw 0x00000007abea2b38 at C:\re\jdk7u65\1313\hotspot\src\share\vm\prims\jvm.cpp:1244
Event: 1.789 Thread 0x000000000253e000 Threw 0x00000007abec7c80 at C:\re\jdk7u65\1313\hotspot\src\share\vm\prims\jvm.cpp:1244
Event: 1.791 Thread 0x000000000253e000 Threw 0x00000007abecc970 at C:\re\jdk7u65\1313\hotspot\src\share\vm\prims\jvm.cpp:1244
Event: 1.792 Thread 0x000000000253e000 Threw 0x00000007abed35f8 at C:\re\jdk7u65\1313\hotspot\src\share\vm\prims\jvm.cpp:1244
Event: 1.795 Thread 0x000000000253e000 Threw 0x00000007abee1e68 at C:\re\jdk7u65\1313\hotspot\src\share\vm\prims\jvm.cpp:1244
Event: 1.796 Thread 0x000000000253e000 Threw 0x00000007abee5510 at C:\re\jdk7u65\1313\hotspot\src\share\vm\prims\jvm.cpp:1244
Event: 1.796 Thread 0x000000000253e000 Threw 0x00000007abee8758 at C:\re\jdk7u65\1313\hotspot\src\share\vm\prims\jvm.cpp:1244
Event: 4.165 Thread 0x000000000253e000 Threw 0x00000007ac43e878 at C:\re\jdk7u65\1313\hotspot\src\share\vm\prims\jvm.cpp:1244
Event: 4.167 Thread 0x000000000253e000 Threw 0x00000007ac447ff0 at C:\re\jdk7u65\1313\hotspot\src\share\vm\prims\jvm.cpp:1244
Event: 4.168 Thread 0x000000000253e000 Threw 0x00000007ac449eb8 at C:\re\jdk7u65\1313\hotspot\src\share\vm\prims\jvm.cpp:1244

Events (10 events):
Event: 4.169 Thread 0x0000000011797000 Thread added: 0x0000000011797000
Event: 4.169 Thread 0x0000000011798000 Thread added: 0x0000000011798000
Event: 4.169 loading class 0x0000000002603890
Event: 4.169 loading class 0x0000000002603830
Event: 4.169 loading class 0x0000000002603830 done
Event: 4.169 loading class 0x0000000002603890 done
Event: 4.169 Thread 0x0000000011796800 Thread exited: 0x0000000011796800
Event: 4.457 Thread 0x0000000011797000 Thread exited: 0x0000000011797000
Event: 4.472 Thread 0x0000000011798000 Thread exited: 0x0000000011798000
Event: 4.472 Executing VM operation: Exit


Dynamic libraries:
0x000000013f750000 - 0x000000013f783000 	C:\Program Files\Java\jre7\bin\javaw.exe
0x0000000076db0000 - 0x0000000076f59000 	C:\Windows\SYSTEM32\ntdll.dll
0x0000000076c90000 - 0x0000000076daf000 	C:\Windows\system32\kernel32.dll
0x000007fefcda0000 - 0x000007fefce0c000 	C:\Windows\system32\KERNELBASE.dll
0x000007fefe980000 - 0x000007fefea5b000 	C:\Windows\system32\ADVAPI32.dll
0x000007fefcf30000 - 0x000007fefcfcf000 	C:\Windows\system32\msvcrt.dll
0x000007fefcfd0000 - 0x000007fefcfef000 	C:\Windows\SYSTEM32\sechost.dll
0x000007fefeac0000 - 0x000007fefebed000 	C:\Windows\system32\RPCRT4.dll
0x0000000076b90000 - 0x0000000076c8a000 	C:\Windows\system32\USER32.dll
0x000007fefe910000 - 0x000007fefe977000 	C:\Windows\system32\GDI32.dll
0x000007fefd7b0000 - 0x000007fefd7be000 	C:\Windows\system32\LPK.dll
0x000007fefe840000 - 0x000007fefe909000 	C:\Windows\system32\USP10.dll
0x000007fefb6a0000 - 0x000007fefb894000 	C:\Windows\WinSxS\amd64_microsoft.windows.common-controls_6595b64144ccf1df_6.0.7601.17514_none_fa396087175ac9ac\COMCTL32.dll
0x000007fefd200000 - 0x000007fefd271000 	C:\Windows\system32\SHLWAPI.dll
0x000007fefd1d0000 - 0x000007fefd1fe000 	C:\Windows\system32\IMM32.DLL
0x000007fefebf0000 - 0x000007fefecf9000 	C:\Windows\system32\MSCTF.dll
0x000007fefcab0000 - 0x000007fefcadf000 	C:\Windows\system32\nvinitx.dll
0x000000000f000000 - 0x000000000f006000 	C:\Program Files\NVIDIA Corporation\CoProcManager\detoured.dll
0x000007fef2bf0000 - 0x000007fef2c23000 	C:\Program Files\NVIDIA Corporation\CoProcManager\nvd3d9wrapx.dll
0x000007fefcff0000 - 0x000007fefd1c7000 	C:\Windows\system32\SETUPAPI.dll
0x000007fefcd10000 - 0x000007fefcd46000 	C:\Windows\system32\CFGMGR32.dll
0x000007fefef10000 - 0x000007fefefe7000 	C:\Windows\system32\OLEAUT32.dll
0x000007fefed00000 - 0x000007fefef03000 	C:\Windows\system32\ole32.dll
0x000007fefce20000 - 0x000007fefce3a000 	C:\Windows\system32\DEVOBJ.dll
0x000007fef2b50000 - 0x000007fef2b73000 	C:\Program Files\NVIDIA Corporation\CoProcManager\nvdxgiwrapx.dll
0x000000006c750000 - 0x000000006c822000 	C:\Program Files\Java\jre7\bin\msvcr100.dll
0x000000006e160000 - 0x000000006e932000 	C:\Program Files\Java\jre7\bin\server\jvm.dll
0x000007fef4540000 - 0x000007fef4549000 	C:\Windows\system32\WSOCK32.dll
0x000007feff070000 - 0x000007feff0bd000 	C:\Windows\system32\WS2_32.dll
0x000007fefd550000 - 0x000007fefd558000 	C:\Windows\system32\NSI.dll
0x000007fefad30000 - 0x000007fefad6b000 	C:\Windows\system32\WINMM.dll
0x0000000076f70000 - 0x0000000076f77000 	C:\Windows\system32\PSAPI.DLL
0x000000006c740000 - 0x000000006c74f000 	C:\Program Files\Java\jre7\bin\verify.dll
0x0000000069700000 - 0x0000000069728000 	C:\Program Files\Java\jre7\bin\java.dll
0x000000006c720000 - 0x000000006c735000 	C:\Program Files\Java\jre7\bin\zip.dll
0x00000000696e0000 - 0x00000000696f9000 	C:\Program Files\Java\jre7\bin\net.dll
0x000007fefc2e0000 - 0x000007fefc335000 	C:\Windows\system32\mswsock.dll
0x000007fefc2d0000 - 0x000007fefc2d7000 	C:\Windows\System32\wship6.dll
0x00000000696c0000 - 0x00000000696d1000 	C:\Program Files\Java\jre7\bin\nio.dll
0x0000000180000000 - 0x0000000180053000 	C:\Users\aaron\git\Gravity-Game\GravityGame\slick2d-java\lwjgl-2.9.3\native\windows\lwjgl64.dll
0x000007fee6640000 - 0x000007fee675d000 	C:\Windows\system32\OPENGL32.dll
0x000007feed360000 - 0x000007feed38d000 	C:\Windows\system32\GLU32.dll
0x000007fee6540000 - 0x000007fee6631000 	C:\Windows\system32\DDRAW.dll
0x000007fef31c0000 - 0x000007fef31c8000 	C:\Windows\system32\DCIMAN32.dll
0x000007fefa840000 - 0x000007fefa858000 	C:\Windows\system32\dwmapi.dll
0x000007fefbbc0000 - 0x000007fefbbcc000 	C:\Windows\system32\VERSION.dll
0x000000006cc10000 - 0x000000006cda5000 	C:\Program Files\Java\jre7\bin\awt.dll
0x000007fefc340000 - 0x000007fefc358000 	C:\Windows\system32\CRYPTSP.dll
0x000007fefc040000 - 0x000007fefc087000 	C:\Windows\system32\rsaenh.dll
0x000007fefcd60000 - 0x000007fefcd7e000 	C:\Windows\system32\USERENV.dll
0x000007fefcb80000 - 0x000007fefcb8f000 	C:\Windows\system32\profapi.dll
0x000007fefc9a0000 - 0x000007fefc9af000 	C:\Windows\system32\CRYPTBASE.dll
0x000007fef9a70000 - 0x000007fef9a97000 	C:\Windows\system32\IPHLPAPI.DLL
0x000007fef9a60000 - 0x000007fef9a6b000 	C:\Windows\system32\WINNSI.DLL
0x000007fef9940000 - 0x000007fef9958000 	C:\Windows\system32\dhcpcsvc.DLL
0x000007fef9920000 - 0x000007fef9931000 	C:\Windows\system32\dhcpcsvc6.DLL
0x000007fefb2f0000 - 0x000007fefb346000 	C:\Windows\system32\uxtheme.dll
0x000007fedae40000 - 0x000007fedae75000 	C:\Program Files (x86)\Dxtory Software\Dxtory2.0\DxtoryHK64.dll
0x000007fefd7c0000 - 0x000007fefe549000 	C:\Windows\system32\SHELL32.dll
0x000007feec970000 - 0x000007feec9a2000 	C:\Program Files (x86)\Overwolf\0.84.92.0\x64\OWExplorer.dll
0x000000006dc40000 - 0x000000006dcd8000 	C:\Windows\system32\MSVCP100.dll
0x000007fefa6d0000 - 0x000007fefa7f5000 	C:\Windows\system32\dbghelp.dll
0x000007fecfa00000 - 0x000007fecfe2c000 	C:\Program Files (x86)\Dxtory Software\Dxtory2.0\DxtoryCore64.dll
0x000007fefcb90000 - 0x000007fefccfd000 	C:\Windows\system32\crypt32.dll
0x000007fefcb70000 - 0x000007fefcb7f000 	C:\Windows\system32\MSASN1.dll
0x000007fed0150000 - 0x000007fed0256000 	C:\Program Files (x86)\Dxtory Software\Dxtory2.0\DxtoryMM64.dll
0x0000000015e30000 - 0x0000000017c76000 	C:\Windows\system32\nvoglv64.DLL
0x000007fefbd50000 - 0x000007fefbd61000 	C:\Windows\system32\WTSAPI32.dll
0x000007fefcef0000 - 0x000007fefcf2b000 	C:\Windows\system32\WINTRUST.dll
0x000007fefbb90000 - 0x000007fefbbbd000 	C:\Windows\system32\ntmarta.dll
0x000007fefea60000 - 0x000007fefeab2000 	C:\Windows\system32\WLDAP32.dll
0x000007fefca50000 - 0x000007fefca8d000 	C:\Windows\system32\WINSTA.dll
0x000007fef1d00000 - 0x000007fef1d9c000 	C:\Windows\system32\mscms.dll
0x000007feecc80000 - 0x000007feeccc2000 	C:\Windows\system32\icm32.dll
0x0000000006620000 - 0x0000000006636000 	C:\Users\aaron\git\Gravity-Game\GravityGame\slick2d-java\lwjgl-2.9.3\native\windows\jinput-dx8_64.dll
0x000007feecb60000 - 0x000007feecb9c000 	C:\Windows\system32\DINPUT8.dll
0x000007fefa860000 - 0x000007fefa86b000 	C:\Windows\system32\HID.DLL
0x0000000006880000 - 0x0000000006894000 	C:\Users\aaron\git\Gravity-Game\GravityGame\slick2d-java\lwjgl-2.9.3\native\windows\jinput-raw_64.dll

VM Arguments:
jvm_args: -DloggerdebugMode=true -Djava.library.path=C:\Users\aaron\git\Gravity-Game\GravityGame\slick2d-java\lwjgl-2.9.3\native\windows -Dfile.encoding=Cp1252 
java_command: net.mc42.games.GravityGame.MainClass -DloggerdebugMode=true
Launcher Type: SUN_STANDARD

Environment Variables:
PATH=C:/Program Files/Java/jre1.8.0_40/bin/server;C:/Program Files/Java/jre1.8.0_40/bin;C:/Program Files/Java/jre1.8.0_40/lib/amd64;C:\ProgramData\Oracle\Java\javapath;C:\Program Files (x86)\NVIDIA Corporation\PhysX\Common;C:\Program Files\Common Files\Microsoft Shared\Windows Live;C:\Program Files (x86)\Common Files\Microsoft Shared\Windows Live;C:\Program Files (x86)\Intel\iCLS Client\;C:\Program Files\Intel\iCLS Client\;C:\Windows\system32;C:\Windows;C:\Windows\System32\Wbem;C:\Windows\System32\WindowsPowerShell\v1.0\;C:\Program Files\Intel\Intel(R) Management Engine Components\DAL;C:\Program Files\Intel\Intel(R) Management Engine Components\IPT;C:\Program Files (x86)\Intel\Intel(R) Management Engine Components\DAL;C:\Program Files (x86)\Intel\Intel(R) Management Engine Components\IPT;C:\Program Files (x86)\Intel\OpenCL SDK\2.0\bin\x86;C:\Program Files (x86)\Intel\OpenCL SDK\2.0\bin\x64;C:\Program Files (x86)\Windows Live\Shared;C:\GnuWin32\bin;C:\Program Files (x86)\IVI Foundation\VISA\WinNT\Bin;C:\Program Files (x86)\QuickTime\QTSystem\;C:\Program Files\Common Files\Autodesk Shared\;C:\Program Files (x86)\Autodesk\Backburner\;C:\Users\aaron\AppData\Roaming\Dashlane\3.2.0.75803\bin\Firefox_Extension\{442718d9-475e-452a-b3e1-fb1ee16b8e9f}\components;C:\Users\aaron\AppData\Roaming\Dashlane\3.2.2.76978\bin\Firefox_Extension\{442718d9-475e-452a-b3e1-fb1ee16b8e9f}\components;C:\Users\aaron\AppData\Roaming\Dashlane\3.2.3.77451\bin\Firefox_Extension\{442718d9-475e-452a-b3e1-fb1ee16b8e9f}\components;C:\Users\aaron\AppData\Roaming\Dashlane\3.2.4.78888\bin\Firefox_Extension\{442718d9-475e-452a-b3e1-fb1ee16b8e9f}\components;C:\Users\aaron\Desktop\eclipse;
USERNAME=aaron
OS=Windows_NT
PROCESSOR_IDENTIFIER=Intel64 Family 6 Model 58 Stepping 9, GenuineIntel



---------------  S Y S T E M  ---------------

OS: Windows 7 , 64 bit Build 7601 Service Pack 1

CPU:total 4 (4 cores per cpu, 1 threads per core) family 6 model 58 stepping 9, cmov, cx8, fxsr, mmx, sse, sse2, sse3, ssse3, sse4.1, sse4.2, popcnt, avx, aes, erms, tsc, tscinvbit, tscinv

Memory: 4k page, physical 16669904k(7385724k free), swap 33337952k(21655700k free)

vm_info: Java HotSpot(TM) 64-Bit Server VM (24.65-b04) for windows-amd64 JRE (1.7.0_65-b19), built on Jul  9 2014 17:47:07 by "java_re" with unknown MS VC++:1600

time: Fri Apr 03 16:40:09 2015
elapsed time: 4 seconds

