#
# A fatal error has been detected by the Java Runtime Environment:
#
#  EXCEPTION_ACCESS_VIOLATION (0xc0000005) at pc=0x000007fee671d6c4, pid=39980, tid=40572
#
# JRE version: Java(TM) SE Runtime Environment (7.0_65-b19) (build 1.7.0_65-b19)
# Java VM: Java HotSpot(TM) 64-Bit Server VM (24.65-b04 mixed mode windows-amd64 compressed oops)
# Problematic frame:
# C  [OPENGL32.dll+0xdd6c4]
#
# Failed to write core dump. Minidumps are not enabled by default on client versions of Windows
#
# If you would like to submit a bug report, please visit:
#   http://bugreport.sun.com/bugreport/crash.jsp
#

---------------  T H R E A D  ---------------

Current thread (0x000000000ee59000):  VMThread [stack: 0x0000000010870000,0x0000000010970000] [id=40572]

siginfo: ExceptionCode=0xc0000005, reading address 0x0000000000000a38

Registers:
RAX=0x0000000000000000, RBX=0x0000000010f6c660, RCX=0x0000000000000001, RDX=0x0000000010f6d7b0
RSP=0x000000001096f3e8, RBP=0x0000000010f6d540, RSI=0x0000000010f69f90, RDI=0x0000000010f6d7b0
R8 =0x000007fecfdd63a8, R9 =0x000000000000007c, R10=0x000000000000003e, R11=0x0000000000000003
R12=0x0000000000000000, R13=0x0000000010f6d548, R14=0x0000000010f69970, R15=0x0000000010f69980
RIP=0x000007fee671d6c4, EFLAGS=0x0000000000010283

Top of Stack: (sp=0x000000001096f3e8)
0x000000001096f3e8:   000007fecfa32870 0000000000000000
0x000000001096f3f8:   0000000010f6a110 0000000000000048
0x000000001096f408:   0000000010f69ea0 0000000010f6d7b0
0x000000001096f418:   000007fecfa0d1b1 0000000010f6c660
0x000000001096f428:   0000000010f6a110 0000000010f6d548
0x000000001096f438:   0000000000000000 fffffffffffffffe
0x000000001096f448:   0000000010f69ea0 0000000010f6c660
0x000000001096f458:   000007fecfa0d154 0000000010f6c660
0x000000001096f468:   0000000000000001 0000000010f6a110
0x000000001096f478:   000007fecfa11219 0000000010f69ac0
0x000000001096f488:   000007fecfa1d951 0000000000000000
0x000000001096f498:   00000080001412f0 fffffffffffffffe
0x000000001096f4a8:   0000000010f69a40 0000000010f6d7f0
0x000000001096f4b8:   000007fecfa1ddda 0000000010f6a110
0x000000001096f4c8:   0000000010f69f50 0000000010f69ea0
0x000000001096f4d8:   0000000076e040fd 0000000010f69ac0 

Instructions: (pc=0x000007fee671d6c4)
0x000007fee671d6a4:   cc cc cc cc cc cc 66 0f 1f 44 00 00 8b 05 16 0c
0x000007fee671d6b4:   01 00 83 f8 40 73 0f 65 48 8b 04 c5 80 14 00 00
0x000007fee671d6c4:   ff a0 38 0a 00 00 b8 47 01 00 00 e9 ec d4 ff ff
0x000007fee671d6d4:   cc cc cc cc cc cc 66 0f 1f 44 00 00 8b 05 e6 0b 


Register to memory mapping:

RAX=0x0000000000000000 is an unknown value
RBX=0x0000000010f6c660 is an unknown value
RCX=0x0000000000000001 is an unknown value
RDX=0x0000000010f6d7b0 is an unknown value
RSP=0x000000001096f3e8 is an unknown value
RBP=0x0000000010f6d540 is an unknown value
RSI=0x0000000010f69f90 is an unknown value
RDI=0x0000000010f6d7b0 is an unknown value
R8 =0x000007fecfdd63a8 is an unknown value
R9 =0x000000000000007c is an unknown value
R10=0x000000000000003e is an unknown value
R11=0x0000000000000003 is an unknown value
R12=0x0000000000000000 is an unknown value
R13=0x0000000010f6d548 is an unknown value
R14=0x0000000010f69970 is an unknown value
R15=0x0000000010f69980 is an unknown value


Stack: [0x0000000010870000,0x0000000010970000],  sp=0x000000001096f3e8,  free space=1020k
Native frames: (J=compiled Java code, j=interpreted, Vv=VM code, C=native code)
C  [OPENGL32.dll+0xdd6c4]

VM_Operation (0x000000000270e490): Exit, mode: safepoint, requested by thread 0x00000000025de000


---------------  P R O C E S S  ---------------

Java Threads: ( => current thread )
  0x0000000011735000 JavaThread "LWJGL Timer" daemon [_thread_blocked, id=40468, stack(0x0000000013930000,0x0000000013a30000)]
  0x0000000011c8a800 JavaThread "Thread-3" daemon [_thread_blocked, id=8232, stack(0x0000000013720000,0x0000000013820000)]
  0x00000000116cb000 JavaThread "Java2D Disposer" daemon [_thread_blocked, id=23248, stack(0x0000000011a50000,0x0000000011b50000)]
  0x000000000eed3000 JavaThread "Service Thread" daemon [_thread_blocked, id=30820, stack(0x0000000010750000,0x0000000010850000)]
  0x000000000eed2800 JavaThread "C2 CompilerThread1" daemon [_thread_blocked, id=35228, stack(0x00000000112e0000,0x00000000113e0000)]
  0x000000000eecd800 JavaThread "C2 CompilerThread0" daemon [_thread_blocked, id=39092, stack(0x0000000011130000,0x0000000011230000)]
  0x000000000eec8000 JavaThread "Attach Listener" daemon [_thread_blocked, id=40328, stack(0x0000000010fa0000,0x00000000110a0000)]
  0x000000000ee65800 JavaThread "Finalizer" daemon [_thread_blocked, id=40352, stack(0x0000000010be0000,0x0000000010ce0000)]
  0x000000000ee5e800 JavaThread "Reference Handler" daemon [_thread_blocked, id=39272, stack(0x0000000010a90000,0x0000000010b90000)]
  0x00000000025de000 JavaThread "main" [_thread_blocked, id=11636, stack(0x0000000002610000,0x0000000002710000)]

Other Threads:
=>0x000000000ee59000 VMThread [stack: 0x0000000010870000,0x0000000010970000] [id=40572]

VM state:at safepoint (shutting down)

VM Mutex/Monitor currently owned by a thread:  ([mutex/lock_event])
[0x00000000025dc5b0] Threads_lock - owner thread: 0x000000000ee59000

Heap
 PSYoungGen      total 76288K, used 21580K [0x00000007ab300000, 0x00000007b0800000, 0x0000000800000000)
  eden space 65536K, 32% used [0x00000007ab300000,0x00000007ac8131a0,0x00000007af300000)
  from space 10752K, 0% used [0x00000007afd80000,0x00000007afd80000,0x00000007b0800000)
  to   space 10752K, 0% used [0x00000007af300000,0x00000007af300000,0x00000007afd80000)
 ParOldGen       total 173568K, used 0K [0x0000000701a00000, 0x000000070c380000, 0x00000007ab300000)
  object space 173568K, 0% used [0x0000000701a00000,0x0000000701a00000,0x000000070c380000)
 PSPermGen       total 21504K, used 10324K [0x00000006fc800000, 0x00000006fdd00000, 0x0000000701a00000)
  object space 21504K, 48% used [0x00000006fc800000,0x00000006fd2153f8,0x00000006fdd00000)

Card table byte_map: [0x0000000005860000,0x0000000006080000] byte_map_base: 0x000000000207c000

Polling page: 0x0000000000120000

Code Cache  [0x00000000027a0000, 0x0000000002a10000, 0x00000000057a0000)
 total_blobs=617 nmethods=118 adapters=451 free_code_cache=48386Kb largest_free_block=49524224

Compilation events (10 events):
Event: 3.571 Thread 0x000000000eecd800 nmethod 113 0x0000000002859690 code [0x00000000028597c0, 0x0000000002859838]
Event: 3.621 Thread 0x000000000eed2800  114             org.lwjgl.opengl.GL11::glTranslatef (24 bytes)
Event: 3.622 Thread 0x000000000eed2800 nmethod 114 0x000000000285b190 code [0x000000000285b2e0, 0x000000000285b3e8]
Event: 3.623 Thread 0x000000000eecd800  116             org.newdawn.slick.opengl.renderer.ImmediateModeOGLRenderer::glTranslatef (7 bytes)
Event: 3.624 Thread 0x000000000eecd800 nmethod 116 0x000000000285dbd0 code [0x000000000285dd20, 0x000000000285de48]
Event: 3.671 Thread 0x000000000eed2800  117  s!         net.java.games.input.AbstractController::poll (175 bytes)
Event: 3.678 Thread 0x000000000eed2800 nmethod 117 0x00000000028626d0 code [0x00000000028628c0, 0x0000000002863130]
Event: 3.771 Thread 0x000000000eecd800  118             java.util.HashMap::get (29 bytes)
Event: 3.774 Thread 0x000000000eecd800 nmethod 118 0x00000000028604d0 code [0x0000000002860640, 0x00000000028609a8]
Event: 3.938 Thread 0x000000000eed2800  119             org.newdawn.slick.Input::poll (1561 bytes)

GC Heap History (0 events):
No events

Deoptimization events (10 events):
Event: 0.118 Thread 0x00000000025de000 Uncommon trap: reason=unloaded action=reinterpret pc=0x0000000002808054 method=sun.text.normalizer.Trie.getCodePointOffset(I)I @ 41
Event: 0.118 Thread 0x00000000025de000 Uncommon trap: reason=unloaded action=reinterpret pc=0x0000000002805174 method=sun.text.normalizer.Trie.getCodePointOffset(I)I @ 41
Event: 0.138 Thread 0x00000000025de000 Uncommon trap: reason=class_check action=maybe_recompile pc=0x00000000028058e8 method=java.io.DataInputStream.readInt()I @ 4
Event: 0.139 Thread 0x00000000025de000 Uncommon trap: reason=class_check action=maybe_recompile pc=0x00000000028058e8 method=java.io.DataInputStream.readInt()I @ 4
Event: 0.139 Thread 0x00000000025de000 Uncommon trap: reason=class_check action=maybe_recompile pc=0x00000000028058e8 method=java.io.DataInputStream.readInt()I @ 4
Event: 0.139 Thread 0x00000000025de000 Uncommon trap: reason=class_check action=maybe_recompile pc=0x00000000028058e8 method=java.io.DataInputStream.readInt()I @ 4
Event: 3.956 Thread 0x00000000025de000 Uncommon trap: reason=class_check action=maybe_recompile pc=0x0000000002860920 method=java.util.HashMap.getEntry(Ljava/lang/Object;)Ljava/util/HashMap$Entry; @ 68
Event: 3.956 Thread 0x00000000025de000 Uncommon trap: reason=unreached action=reinterpret pc=0x00000000028608d8 method=java.util.HashMap.get(Ljava/lang/Object;)Ljava/lang/Object; @ 17
Event: 3.957 Thread 0x00000000025de000 Uncommon trap: reason=class_check action=maybe_recompile pc=0x000000000285e874 method=java.util.HashMap.getEntry(Ljava/lang/Object;)Ljava/util/HashMap$Entry; @ 68
Event: 3.957 Thread 0x00000000025de000 Uncommon trap: reason=class_check action=maybe_recompile pc=0x000000000285e874 method=java.util.HashMap.getEntry(Ljava/lang/Object;)Ljava/util/HashMap$Entry; @ 68

Internal exceptions (10 events):
Event: 1.805 Thread 0x00000000025de000 Threw 0x00000007abea2b68 at C:\re\jdk7u65\1313\hotspot\src\share\vm\prims\jvm.cpp:1244
Event: 1.812 Thread 0x00000000025de000 Threw 0x00000007abec7cd8 at C:\re\jdk7u65\1313\hotspot\src\share\vm\prims\jvm.cpp:1244
Event: 1.813 Thread 0x00000000025de000 Threw 0x00000007abecc9c8 at C:\re\jdk7u65\1313\hotspot\src\share\vm\prims\jvm.cpp:1244
Event: 1.815 Thread 0x00000000025de000 Threw 0x00000007abed3650 at C:\re\jdk7u65\1313\hotspot\src\share\vm\prims\jvm.cpp:1244
Event: 1.817 Thread 0x00000000025de000 Threw 0x00000007abee1ec0 at C:\re\jdk7u65\1313\hotspot\src\share\vm\prims\jvm.cpp:1244
Event: 1.818 Thread 0x00000000025de000 Threw 0x00000007abee5568 at C:\re\jdk7u65\1313\hotspot\src\share\vm\prims\jvm.cpp:1244
Event: 1.818 Thread 0x00000000025de000 Threw 0x00000007abee87b0 at C:\re\jdk7u65\1313\hotspot\src\share\vm\prims\jvm.cpp:1244
Event: 3.955 Thread 0x00000000025de000 Threw 0x00000007ac3dca58 at C:\re\jdk7u65\1313\hotspot\src\share\vm\prims\jvm.cpp:1244
Event: 3.956 Thread 0x00000000025de000 Threw 0x00000007ac3e61d0 at C:\re\jdk7u65\1313\hotspot\src\share\vm\prims\jvm.cpp:1244
Event: 3.957 Thread 0x00000000025de000 Threw 0x00000007ac3e8098 at C:\re\jdk7u65\1313\hotspot\src\share\vm\prims\jvm.cpp:1244

Events (10 events):
Event: 3.959 loading class 0x0000000002543b00
Event: 3.959 loading class 0x0000000002543b00 done
Event: 3.959 loading class 0x0000000002543b60 done
Event: 3.959 Thread 0x0000000011ca3000 Thread exited: 0x0000000011ca3000
Event: 4.162 Executing VM operation: EnableBiasedLocking
Event: 4.162 Executing VM operation: EnableBiasedLocking done
Event: 4.236 Thread 0x0000000011d31800 Thread exited: 0x0000000011d31800
Event: 4.257 Thread 0x00000000116d2000 Thread exited: 0x00000000116d2000
Event: 4.257 Thread 0x000000000eec0800 Thread exited: 0x000000000eec0800
Event: 4.257 Executing VM operation: Exit


Dynamic libraries:
0x000000013f9b0000 - 0x000000013f9e3000 	C:\Program Files\Java\jre7\bin\javaw.exe
0x0000000076db0000 - 0x0000000076f59000 	C:\Windows\SYSTEM32\ntdll.dll
0x0000000076c90000 - 0x0000000076daf000 	C:\Windows\system32\kernel32.dll
0x000007fefcda0000 - 0x000007fefce0c000 	C:\Windows\system32\KERNELBASE.dll
0x000007fefe980000 - 0x000007fefea5b000 	C:\Windows\system32\ADVAPI32.dll
0x000007fefcf30000 - 0x000007fefcfcf000 	C:\Windows\system32\msvcrt.dll
0x000007fefcfd0000 - 0x000007fefcfef000 	C:\Windows\SYSTEM32\sechost.dll
0x000007fefeac0000 - 0x000007fefebed000 	C:\Windows\system32\RPCRT4.dll
0x0000000076b90000 - 0x0000000076c8a000 	C:\Windows\system32\USER32.dll
0x000007fefe910000 - 0x000007fefe977000 	C:\Windows\system32\GDI32.dll
0x000007fefd7b0000 - 0x000007fefd7be000 	C:\Windows\system32\LPK.dll
0x000007fefe840000 - 0x000007fefe909000 	C:\Windows\system32\USP10.dll
0x000007fefb6a0000 - 0x000007fefb894000 	C:\Windows\WinSxS\amd64_microsoft.windows.common-controls_6595b64144ccf1df_6.0.7601.17514_none_fa396087175ac9ac\COMCTL32.dll
0x000007fefd200000 - 0x000007fefd271000 	C:\Windows\system32\SHLWAPI.dll
0x000007fefd1d0000 - 0x000007fefd1fe000 	C:\Windows\system32\IMM32.DLL
0x000007fefebf0000 - 0x000007fefecf9000 	C:\Windows\system32\MSCTF.dll
0x000007fefcab0000 - 0x000007fefcadf000 	C:\Windows\system32\nvinitx.dll
0x000000000f000000 - 0x000000000f006000 	C:\Program Files\NVIDIA Corporation\CoProcManager\detoured.dll
0x000007fef2bf0000 - 0x000007fef2c23000 	C:\Program Files\NVIDIA Corporation\CoProcManager\nvd3d9wrapx.dll
0x000007fefcff0000 - 0x000007fefd1c7000 	C:\Windows\system32\SETUPAPI.dll
0x000007fefcd10000 - 0x000007fefcd46000 	C:\Windows\system32\CFGMGR32.dll
0x000007fefef10000 - 0x000007fefefe7000 	C:\Windows\system32\OLEAUT32.dll
0x000007fefed00000 - 0x000007fefef03000 	C:\Windows\system32\ole32.dll
0x000007fefce20000 - 0x000007fefce3a000 	C:\Windows\system32\DEVOBJ.dll
0x000007fef2b50000 - 0x000007fef2b73000 	C:\Program Files\NVIDIA Corporation\CoProcManager\nvdxgiwrapx.dll
0x0000000056b40000 - 0x0000000056c12000 	C:\Program Files\Java\jre7\bin\msvcr100.dll
0x000000006e950000 - 0x000000006f122000 	C:\Program Files\Java\jre7\bin\server\jvm.dll
0x000007fef4540000 - 0x000007fef4549000 	C:\Windows\system32\WSOCK32.dll
0x000007feff070000 - 0x000007feff0bd000 	C:\Windows\system32\WS2_32.dll
0x000007fefd550000 - 0x000007fefd558000 	C:\Windows\system32\NSI.dll
0x000007fefad30000 - 0x000007fefad6b000 	C:\Windows\system32\WINMM.dll
0x0000000076f70000 - 0x0000000076f77000 	C:\Windows\system32\PSAPI.DLL
0x000000006c820000 - 0x000000006c82f000 	C:\Program Files\Java\jre7\bin\verify.dll
0x000000006c7f0000 - 0x000000006c818000 	C:\Program Files\Java\jre7\bin\java.dll
0x000000006c7d0000 - 0x000000006c7e5000 	C:\Program Files\Java\jre7\bin\zip.dll
0x000000006c7b0000 - 0x000000006c7c9000 	C:\Program Files\Java\jre7\bin\net.dll
0x000007fefc2e0000 - 0x000007fefc335000 	C:\Windows\system32\mswsock.dll
0x000007fefc2d0000 - 0x000007fefc2d7000 	C:\Windows\System32\wship6.dll
0x000000006c790000 - 0x000000006c7a1000 	C:\Program Files\Java\jre7\bin\nio.dll
0x0000000180000000 - 0x0000000180053000 	C:\Users\aaron\git\Gravity-Game\GravityGame\slick2d-java\lwjgl-2.9.3\native\windows\lwjgl64.dll
0x000007fee6640000 - 0x000007fee675d000 	C:\Windows\system32\OPENGL32.dll
0x000007feed360000 - 0x000007feed38d000 	C:\Windows\system32\GLU32.dll
0x000007fee6540000 - 0x000007fee6631000 	C:\Windows\system32\DDRAW.dll
0x000007fef31c0000 - 0x000007fef31c8000 	C:\Windows\system32\DCIMAN32.dll
0x000007fefa840000 - 0x000007fefa858000 	C:\Windows\system32\dwmapi.dll
0x000007fefbbc0000 - 0x000007fefbbcc000 	C:\Windows\system32\VERSION.dll
0x000000006c380000 - 0x000000006c515000 	C:\Program Files\Java\jre7\bin\awt.dll
0x000007fefc340000 - 0x000007fefc358000 	C:\Windows\system32\CRYPTSP.dll
0x000007fefc040000 - 0x000007fefc087000 	C:\Windows\system32\rsaenh.dll
0x000007fefcd60000 - 0x000007fefcd7e000 	C:\Windows\system32\USERENV.dll
0x000007fefcb80000 - 0x000007fefcb8f000 	C:\Windows\system32\profapi.dll
0x000007fefc9a0000 - 0x000007fefc9af000 	C:\Windows\system32\CRYPTBASE.dll
0x000007fef9a70000 - 0x000007fef9a97000 	C:\Windows\system32\IPHLPAPI.DLL
0x000007fef9a60000 - 0x000007fef9a6b000 	C:\Windows\system32\WINNSI.DLL
0x000007fef9940000 - 0x000007fef9958000 	C:\Windows\system32\dhcpcsvc.DLL
0x000007fef9920000 - 0x000007fef9931000 	C:\Windows\system32\dhcpcsvc6.DLL
0x000007fefb2f0000 - 0x000007fefb346000 	C:\Windows\system32\uxtheme.dll
0x000007fedae40000 - 0x000007fedae75000 	C:\Program Files (x86)\Dxtory Software\Dxtory2.0\DxtoryHK64.dll
0x000007fefd7c0000 - 0x000007fefe549000 	C:\Windows\system32\SHELL32.dll
0x000007feec970000 - 0x000007feec9a2000 	C:\Program Files (x86)\Overwolf\0.84.92.0\x64\OWExplorer.dll
0x000000006dc40000 - 0x000000006dcd8000 	C:\Windows\system32\MSVCP100.dll
0x000007fefa6d0000 - 0x000007fefa7f5000 	C:\Windows\system32\dbghelp.dll
0x000007fecfa00000 - 0x000007fecfe2c000 	C:\Program Files (x86)\Dxtory Software\Dxtory2.0\DxtoryCore64.dll
0x000007fefcb90000 - 0x000007fefccfd000 	C:\Windows\system32\crypt32.dll
0x000007fefcb70000 - 0x000007fefcb7f000 	C:\Windows\system32\MSASN1.dll
0x000007fed0150000 - 0x000007fed0256000 	C:\Program Files (x86)\Dxtory Software\Dxtory2.0\DxtoryMM64.dll
0x00000000686d0000 - 0x000000006a516000 	C:\Windows\system32\nvoglv64.DLL
0x000007fefbd50000 - 0x000007fefbd61000 	C:\Windows\system32\WTSAPI32.dll
0x000007fefcef0000 - 0x000007fefcf2b000 	C:\Windows\system32\WINTRUST.dll
0x000007fefbb90000 - 0x000007fefbbbd000 	C:\Windows\system32\ntmarta.dll
0x000007fefea60000 - 0x000007fefeab2000 	C:\Windows\system32\WLDAP32.dll
0x000007fefca50000 - 0x000007fefca8d000 	C:\Windows\system32\WINSTA.dll
0x000007fef1d00000 - 0x000007fef1d9c000 	C:\Windows\system32\mscms.dll
0x000007feece10000 - 0x000007feece52000 	C:\Windows\system32\icm32.dll
0x00000000067a0000 - 0x00000000067b6000 	C:\Users\aaron\git\Gravity-Game\GravityGame\slick2d-java\lwjgl-2.9.3\native\windows\jinput-dx8_64.dll
0x000007feecb60000 - 0x000007feecb9c000 	C:\Windows\system32\DINPUT8.dll
0x000007fefa860000 - 0x000007fefa86b000 	C:\Windows\system32\HID.DLL
0x00000000069f0000 - 0x0000000006a04000 	C:\Users\aaron\git\Gravity-Game\GravityGame\slick2d-java\lwjgl-2.9.3\native\windows\jinput-raw_64.dll

VM Arguments:
jvm_args: -DloggerdebugMode=true -Djava.library.path=C:\Users\aaron\git\Gravity-Game\GravityGame\slick2d-java\lwjgl-2.9.3\native\windows -Dfile.encoding=Cp1252 
java_command: net.mc42.games.GravityGame.MainClass -DloggerdebugMode=true
Launcher Type: SUN_STANDARD

Environment Variables:
PATH=C:/Program Files/Java/jre1.8.0_40/bin/server;C:/Program Files/Java/jre1.8.0_40/bin;C:/Program Files/Java/jre1.8.0_40/lib/amd64;C:\ProgramData\Oracle\Java\javapath;C:\Program Files (x86)\NVIDIA Corporation\PhysX\Common;C:\Program Files\Common Files\Microsoft Shared\Windows Live;C:\Program Files (x86)\Common Files\Microsoft Shared\Windows Live;C:\Program Files (x86)\Intel\iCLS Client\;C:\Program Files\Intel\iCLS Client\;C:\Windows\system32;C:\Windows;C:\Windows\System32\Wbem;C:\Windows\System32\WindowsPowerShell\v1.0\;C:\Program Files\Intel\Intel(R) Management Engine Components\DAL;C:\Program Files\Intel\Intel(R) Management Engine Components\IPT;C:\Program Files (x86)\Intel\Intel(R) Management Engine Components\DAL;C:\Program Files (x86)\Intel\Intel(R) Management Engine Components\IPT;C:\Program Files (x86)\Intel\OpenCL SDK\2.0\bin\x86;C:\Program Files (x86)\Intel\OpenCL SDK\2.0\bin\x64;C:\Program Files (x86)\Windows Live\Shared;C:\GnuWin32\bin;C:\Program Files (x86)\IVI Foundation\VISA\WinNT\Bin;C:\Program Files (x86)\QuickTime\QTSystem\;C:\Program Files\Common Files\Autodesk Shared\;C:\Program Files (x86)\Autodesk\Backburner\;C:\Users\aaron\AppData\Roaming\Dashlane\3.2.0.75803\bin\Firefox_Extension\{442718d9-475e-452a-b3e1-fb1ee16b8e9f}\components;C:\Users\aaron\AppData\Roaming\Dashlane\3.2.2.76978\bin\Firefox_Extension\{442718d9-475e-452a-b3e1-fb1ee16b8e9f}\components;C:\Users\aaron\AppData\Roaming\Dashlane\3.2.3.77451\bin\Firefox_Extension\{442718d9-475e-452a-b3e1-fb1ee16b8e9f}\components;C:\Users\aaron\AppData\Roaming\Dashlane\3.2.4.78888\bin\Firefox_Extension\{442718d9-475e-452a-b3e1-fb1ee16b8e9f}\components;C:\Users\aaron\Desktop\eclipse;
USERNAME=aaron
OS=Windows_NT
PROCESSOR_IDENTIFIER=Intel64 Family 6 Model 58 Stepping 9, GenuineIntel



---------------  S Y S T E M  ---------------

OS: Windows 7 , 64 bit Build 7601 Service Pack 1

CPU:total 4 (4 cores per cpu, 1 threads per core) family 6 model 58 stepping 9, cmov, cx8, fxsr, mmx, sse, sse2, sse3, ssse3, sse4.1, sse4.2, popcnt, avx, aes, erms, tsc, tscinvbit, tscinv

Memory: 4k page, physical 16669904k(7452132k free), swap 33337952k(21862444k free)

vm_info: Java HotSpot(TM) 64-Bit Server VM (24.65-b04) for windows-amd64 JRE (1.7.0_65-b19), built on Jul  9 2014 17:47:07 by "java_re" with unknown MS VC++:1600

time: Fri Apr 03 16:34:24 2015
elapsed time: 4 seconds

